<?xml version="1.0" encoding="UTF-8"?>
<testsuite xmlns:xsi="http://www.w3.org/2001/XMLSchema-instance" xsi:noNamespaceSchemaLocation="https://maven.apache.org/surefire/maven-surefire-plugin/xsd/surefire-test-report.xsd" name="core.CreditCardValidationTest" time="3.968" tests="80" errors="0" skipped="0" failures="4">
  <properties>
[...]
</properties>
  <testcase name="cvv" classname="core.CreditCardValidationTest" time="0.144"/>
  <testcase name="cvv" classname="core.CreditCardValidationTest" time="0.004"/>
  <testcase name="cvv" classname="core.CreditCardValidationTest" time="0.004"/>
  <testcase name="cvv" classname="core.CreditCardValidationTest" time="0.003"/>
  <testcase name="cvv" classname="core.CreditCardValidationTest" time="0.004"/>
  <testcase name="cvv" classname="core.CreditCardValidationTest" time="0.003"/>
  <testcase name="cvv" classname="core.CreditCardValidationTest" time="0.005"/>
  <testcase name="cvv" classname="core.CreditCardValidationTest" time="0.004"/>
  <testcase name="cvv" classname="core.CreditCardValidationTest" time="0.003"/>
  <testcase name="cvv" classname="core.CreditCardValidationTest" time="0.004"/>
  <testcase name="cvv" classname="core.CreditCardValidationTest" time="0.006"/>
  <testcase name="cvv" classname="core.CreditCardValidationTest" time="0.003"/>
  <testcase name="cvv" classname="core.CreditCardValidationTest" time="0.003"/>
  <testcase name="cvv" classname="core.CreditCardValidationTest" time="0.003"/>
  <testcase name="cvv" classname="core.CreditCardValidationTest" time="0.003"/>
  <testcase name="cvv" classname="core.CreditCardValidationTest" time="0.004"/>
  <testcase name="cvv" classname="core.CreditCardValidationTest" time="0.006"/>
  <testcase name="cvv" classname="core.CreditCardValidationTest" time="0.002"/>
  <testcase name="cvv" classname="core.CreditCardValidationTest" time="0.003"/>
  <testcase name="cvv" classname="core.CreditCardValidationTest" time="0.003"/>
  <testcase name="exp" classname="core.CreditCardValidationTest" time="0.003"/>
  <testcase name="exp" classname="core.CreditCardValidationTest" time="0.002"/>
  <testcase name="exp" classname="core.CreditCardValidationTest" time="0.002"/>
  <testcase name="exp" classname="core.CreditCardValidationTest" time="0.005"/>
  <testcase name="exp" classname="core.CreditCardValidationTest" time="0.004"/>
  <testcase name="exp" classname="core.CreditCardValidationTest" time="0.003"/>
  <testcase name="exp" classname="core.CreditCardValidationTest" time="0.003"/>
  <testcase name="exp" classname="core.CreditCardValidationTest" time="0.003"/>
  <testcase name="exp" classname="core.CreditCardValidationTest" time="0.004"/>
  <testcase name="exp" classname="core.CreditCardValidationTest" time="0.005"/>
  <testcase name="exp" classname="core.CreditCardValidationTest" time="0.003"/>
  <testcase name="exp" classname="core.CreditCardValidationTest" time="0.002"/>
  <testcase name="exp" classname="core.CreditCardValidationTest" time="0.003"/>
  <testcase name="exp" classname="core.CreditCardValidationTest" time="0.003"/>
  <testcase name="exp" classname="core.CreditCardValidationTest" time="0.002"/>
  <testcase name="exp" classname="core.CreditCardValidationTest" time="0.004"/>
  <testcase name="exp" classname="core.CreditCardValidationTest" time="0.003"/>
  <testcase name="exp" classname="core.CreditCardValidationTest" time="0.002"/>
  <testcase name="exp" classname="core.CreditCardValidationTest" time="0.002"/>
  <testcase name="exp" classname="core.CreditCardValidationTest" time="0.002"/>
  <testcase name="luhn" classname="core.CreditCardValidationTest" time="0.003"/>
  <testcase name="luhn" classname="core.CreditCardValidationTest" time="0.002"/>
  <testcase name="luhn" classname="core.CreditCardValidationTest" time="0.003"/>
  <testcase name="luhn" classname="core.CreditCardValidationTest" time="0.003"/>
  <testcase name="luhn" classname="core.CreditCardValidationTest" time="0.072">
    <failure message="&#10;Expected: Luhn of: 5584-3989-2997-3080, should be valid&#10;     but: was &lt;true&gt;" type="java.lang.AssertionError"><![CDATA[java.lang.AssertionError: 

Expected: Luhn of: 5584-3989-2997-3080, should be valid
     but: was <true>
	at core.CreditCardValidationTest.luhn(CreditCardValidationTest.java:48)
]]></failure>
  </testcase>
  <testcase name="luhn" classname="core.CreditCardValidationTest" time="0.003"/>
  <testcase name="luhn" classname="core.CreditCardValidationTest" time="0.004"/>
  <testcase name="luhn" classname="core.CreditCardValidationTest" time="0.003"/>
  <testcase name="luhn" classname="core.CreditCardValidationTest" time="0.002"/>
  <testcase name="luhn" classname="core.CreditCardValidationTest" time="0.004">
    <failure message="&#10;Expected: Luhn of: 5584-3989-2997-3080, should be valid&#10;     but: was &lt;true&gt;" type="java.lang.AssertionError"><![CDATA[java.lang.AssertionError: 

Expected: Luhn of: 5584-3989-2997-3080, should be valid
     but: was <true>
	at core.CreditCardValidationTest.luhn(CreditCardValidationTest.java:48)
]]></failure>
  </testcase>
  <testcase name="luhn" classname="core.CreditCardValidationTest" time="0.002"/>
  <testcase name="luhn" classname="core.CreditCardValidationTest" time="0.002"/>
  <testcase name="luhn" classname="core.CreditCardValidationTest" time="0.003"/>
  <testcase name="luhn" classname="core.CreditCardValidationTest" time="0.003"/>
  <testcase name="luhn" classname="core.CreditCardValidationTest" time="0.003">
    <failure message="&#10;Expected: Luhn of: 5584-3989-2997-3080, should be valid&#10;     but: was &lt;true&gt;" type="java.lang.AssertionError"><![CDATA[java.lang.AssertionError: 

Expected: Luhn of: 5584-3989-2997-3080, should be valid
     but: was <true>
	at core.CreditCardValidationTest.luhn(CreditCardValidationTest.java:48)
]]></failure>
  </testcase>
  <testcase name="luhn" classname="core.CreditCardValidationTest" time="0.004"/>
  <testcase name="luhn" classname="core.CreditCardValidationTest" time="0.002"/>
  <testcase name="luhn" classname="core.CreditCardValidationTest" time="0.002"/>
  <testcase name="luhn" classname="core.CreditCardValidationTest" time="0.002"/>
  <testcase name="luhn" classname="core.CreditCardValidationTest" time="0.003">
    <failure message="&#10;Expected: Luhn of: 5584-3989-2997-3080, should be valid&#10;     but: was &lt;true&gt;" type="java.lang.AssertionError"><![CDATA[java.lang.AssertionError: 

Expected: Luhn of: 5584-3989-2997-3080, should be valid
     but: was <true>
	at core.CreditCardValidationTest.luhn(CreditCardValidationTest.java:48)
]]></failure>
  </testcase>
  <testcase name="type" classname="core.CreditCardValidationTest" time="0.002"/>
  <testcase name="type" classname="core.CreditCardValidationTest" time="0.004"/>
  <testcase name="type" classname="core.CreditCardValidationTest" time="0.004"/>
  <testcase name="type" classname="core.CreditCardValidationTest" time="0.007"/>
  <testcase name="type" classname="core.CreditCardValidationTest" time="0.002"/>
  <testcase name="type" classname="core.CreditCardValidationTest" time="0.003"/>
  <testcase name="type" classname="core.CreditCardValidationTest" time="0.002"/>
  <testcase name="type" classname="core.CreditCardValidationTest" time="0.005"/>
  <testcase name="type" classname="core.CreditCardValidationTest" time="0.002"/>
  <testcase name="type" classname="core.CreditCardValidationTest" time="0.002"/>
  <testcase name="type" classname="core.CreditCardValidationTest" time="0.002"/>
  <testcase name="type" classname="core.CreditCardValidationTest" time="0.003"/>
  <testcase name="type" classname="core.CreditCardValidationTest" time="0.004"/>
  <testcase name="type" classname="core.CreditCardValidationTest" time="0.002"/>
  <testcase name="type" classname="core.CreditCardValidationTest" time="0.002"/>
  <testcase name="type" classname="core.CreditCardValidationTest" time="0.005"/>
  <testcase name="type" classname="core.CreditCardValidationTest" time="0.002"/>
  <testcase name="type" classname="core.CreditCardValidationTest" time="0.003"/>
  <testcase name="type" classname="core.CreditCardValidationTest" time="0.003"/>
  <testcase name="type" classname="core.CreditCardValidationTest" time="0.002"/>
</testsuite>